[INFO] Scanning for projects...
[INFO] 
[INFO] ---------------------------< com.spbutu:gia >---------------------------
[INFO] Building gia 1.0.0
[INFO]   from pom.xml
[INFO] --------------------------------[ jar ]---------------------------------
[INFO] 
[INFO] >>> spring-boot:3.5.14:run (default-cli) > test-compile @ gia >>>
[INFO] 
[INFO] --- resources:3.3.1:resources (default-resources) @ gia ---
[INFO] Copying 1 resource from src\main\resources to target\classes
[INFO] Copying 48 resources from src\main\resources to target\classes
[INFO] 
[INFO] --- compiler:3.14.1:compile (default-compile) @ gia ---
[INFO] Nothing to compile - all classes are up to date.
[INFO] 
[INFO] --- resources:3.3.1:testResources (default-testResources) @ gia ---
[INFO] skip non existing resourceDirectory C:\Users\Âŕëĺđŕ\Desktop\GIA_Mobile\backend\src\test\resources
[INFO] 
[INFO] --- compiler:3.14.1:testCompile (default-testCompile) @ gia ---
[INFO] No sources to compile
[INFO] 
[INFO] <<< spring-boot:3.5.14:run (default-cli) < test-compile @ gia <<<
[INFO] 
[INFO] 
[INFO] --- spring-boot:3.5.14:run (default-cli) @ gia ---
[INFO] Attaching agents: []

  .   ____          _            __ _ _
 /\\ / ___'_ __ _ _(_)_ __  __ _ \ \ \ \
( ( )\___ | '_ | '_| | '_ \/ _` | \ \ \ \
 \\/  ___)| |_)| | | | | || (_| |  ) ) ) )
  '  |____| .__|_| |_|_| |_\__, | / / / /
 =========|_|==============|___/=/_/_/_/

 :: Spring Boot ::               (v3.5.14)

2026-05-27T16:50:50.848+03:00  INFO 25892 --- [gia] [           main] com.spbutu.gia.GiaApplication            : Starting GiaApplication using Java 17.0.19 with PID 25892 (C:\Users\Âŕëĺđŕ\Desktop\GIA_Mobile\backend\target\classes started by Âŕëĺđŕ in C:\Users\Âŕëĺđŕ\Desktop\GIA_Mobile\backend)
2026-05-27T16:50:50.850+03:00  INFO 25892 --- [gia] [           main] com.spbutu.gia.GiaApplication            : The following 1 profile is active: "dev"
2026-05-27T16:50:51.730+03:00  INFO 25892 --- [gia] [           main] .s.d.r.c.RepositoryConfigurationDelegate : Multiple Spring Data modules found, entering strict repository configuration mode
2026-05-27T16:50:51.731+03:00  INFO 25892 --- [gia] [           main] .s.d.r.c.RepositoryConfigurationDelegate : Bootstrapping Spring Data JPA repositories in DEFAULT mode.
2026-05-27T16:50:51.922+03:00  INFO 25892 --- [gia] [           main] .s.d.r.c.RepositoryConfigurationDelegate : Finished Spring Data repository scanning in 183 ms. Found 32 JPA repository interfaces.
2026-05-27T16:50:51.932+03:00  INFO 25892 --- [gia] [           main] .s.d.r.c.RepositoryConfigurationDelegate : Multiple Spring Data modules found, entering strict repository configuration mode
2026-05-27T16:50:51.933+03:00  INFO 25892 --- [gia] [           main] .s.d.r.c.RepositoryConfigurationDelegate : Bootstrapping Spring Data Redis repositories in DEFAULT mode.
2026-05-27T16:50:51.957+03:00  INFO 25892 --- [gia] [           main] .RepositoryConfigurationExtensionSupport : Spring Data Redis - Could not safely identify store assignment for repository candidate interface com.spbutu.gia.auth.domain.repository.AppUserRepository; If you want this repository to be a Redis repository, consider annotating your entities with one of these annotations: org.springframework.data.redis.core.RedisHash (preferred), or consider extending one of the following types with your repository: org.springframework.data.keyvalue.repository.KeyValueRepository
2026-05-27T16:50:51.957+03:00  INFO 25892 --- [gia] [           main] .RepositoryConfigurationExtensionSupport : Spring Data Redis - Could not safely identify store assignment for repository candidate interface com.spbutu.gia.core.domain.repository.AdmissionRepository; If you want this repository to be a Redis repository, consider annotating your entities with one of these annotations: org.springframework.data.redis.core.RedisHash (preferred), or consider extending one of the following types with your repository: org.springframework.data.keyvalue.repository.KeyValueRepository
2026-05-27T16:50:51.958+03:00  INFO 25892 --- [gia] [           main] .RepositoryConfigurationExtensionSupport : Spring Data Redis - Could not safely identify store assignment for repository candidate interface com.spbutu.gia.core.domain.repository.AgendaItemRepository; If you want this repository to be a Redis repository, consider annotating your entities with one of these annotations: org.springframework.data.redis.core.RedisHash (preferred), or consider extending one of the following types with your repository: org.springframework.data.keyvalue.repository.KeyValueRepository
2026-05-27T16:50:51.958+03:00  INFO 25892 --- [gia] [           main] .RepositoryConfigurationExtensionSupport : Spring Data Redis - Could not safely identify store assignment for repository candidate interface com.spbutu.gia.core.domain.repository.AuditLogRepository; If you want this repository to be a Redis repository, consider annotating your entities with one of these annotations: org.springframework.data.redis.core.RedisHash (preferred), or consider extending one of the following types with your repository: org.springframework.data.keyvalue.repository.KeyValueRepository
2026-05-27T16:50:51.958+03:00  INFO 25892 --- [gia] [           main] .RepositoryConfigurationExtensionSupport : Spring Data Redis - Could not safely identify store assignment for repository candidate interface com.spbutu.gia.core.domain.repository.deanery.ContingentMovementRepository; If you want this repository to be a Redis repository, consider annotating your entities with one of these annotations: org.springframework.data.redis.core.RedisHash (preferred), or consider extending one of the following types with your repository: org.springframework.data.keyvalue.repository.KeyValueRepository
2026-05-27T16:50:51.958+03:00  INFO 25892 --- [gia] [           main] .RepositoryConfigurationExtensionSupport : Spring Data Redis - Could not safely identify store assignment for repository candidate interface com.spbutu.gia.core.domain.repository.deanery.DeaneryOrderRepository; If you want this repository to be a Redis repository, consider annotating your entities with one of these annotations: org.springframework.data.redis.core.RedisHash (preferred), or consider extending one of the following types with your repository: org.springframework.data.keyvalue.repository.KeyValueRepository
2026-05-27T16:50:51.958+03:00  INFO 25892 --- [gia] [           main] .RepositoryConfigurationExtensionSupport : Spring Data Redis - Could not safely identify store assignment for repository candidate interface com.spbutu.gia.core.domain.repository.DirectionRepository; If you want this repository to be a Redis repository, consider annotating your entities with one of these annotations: org.springframework.data.redis.core.RedisHash (preferred), or consider extending one of the following types with your repository: org.springframework.data.keyvalue.repository.KeyValueRepository
2026-05-27T16:50:51.958+03:00  INFO 25892 --- [gia] [           main] .RepositoryConfigurationExtensionSupport : Spring Data Redis - Could not safely identify store assignment for repository candidate interface com.spbutu.gia.core.domain.repository.DisciplineRepository; If you want this repository to be a Redis repository, consider annotating your entities with one of these annotations: org.springframework.data.redis.core.RedisHash (preferred), or consider extending one of the following types with your repository: org.springframework.data.keyvalue.repository.KeyValueRepository
2026-05-27T16:50:51.959+03:00  INFO 25892 --- [gia] [           main] .RepositoryConfigurationExtensionSupport : Spring Data Redis - Could not safely identify store assignment for repository candidate interface com.spbutu.gia.core.domain.repository.DraftDocumentRepository; If you want this repository to be a Redis repository, consider annotating your entities with one of these annotations: org.springframework.data.redis.core.RedisHash (preferred), or consider extending one of the following types with your repository: org.springframework.data.keyvalue.repository.KeyValueRepository
2026-05-27T16:50:51.959+03:00  INFO 25892 --- [gia] [           main] .RepositoryConfigurationExtensionSupport : Spring Data Redis - Could not safely identify store assignment for repository candidate interface com.spbutu.gia.core.domain.repository.GekMemberRepository; If you want this repository to be a Redis repository, consider annotating your entities with one of these annotations: org.springframework.data.redis.core.RedisHash (preferred), or consider extending one of the following types with your repository: org.springframework.data.keyvalue.repository.KeyValueRepository
2026-05-27T16:50:51.959+03:00  INFO 25892 --- [gia] [           main] .RepositoryConfigurationExtensionSupport : Spring Data Redis - Could not safely identify store assignment for repository candidate interface com.spbutu.gia.core.domain.repository.GekMembershipRepository; If you want this repository to be a Redis repository, consider annotating your entities with one of these annotations: org.springframework.data.redis.core.RedisHash (preferred), or consider extending one of the following types with your repository: org.springframework.data.keyvalue.repository.KeyValueRepository
2026-05-27T16:50:51.959+03:00  INFO 25892 --- [gia] [           main] .RepositoryConfigurationExtensionSupport : Spring Data Redis - Could not safely identify store assignment for repository candidate interface com.spbutu.gia.core.domain.repository.GekRepository; If you want this repository to be a Redis repository, consider annotating your entities with one of these annotations: org.springframework.data.redis.core.RedisHash (preferred), or consider extending one of the following types with your repository: org.springframework.data.keyvalue.repository.KeyValueRepository
2026-05-27T16:50:51.959+03:00  INFO 25892 --- [gia] [           main] .RepositoryConfigurationExtensionSupport : Spring Data Redis - Could not safely identify store assignment for repository candidate interface com.spbutu.gia.core.domain.repository.GradeRepository; If you want this repository to be a Redis repository, consider annotating your entities with one of these annotations: org.springframework.data.redis.core.RedisHash (preferred), or consider extending one of the following types with your repository: org.springframework.data.keyvalue.repository.KeyValueRepository
2026-05-27T16:50:51.959+03:00  INFO 25892 --- [gia] [           main] .RepositoryConfigurationExtensionSupport : Spring Data Redis - Could not safely identify store assignment for repository candidate interface com.spbutu.gia.core.domain.repository.MeetingRepository; If you want this repository to be a Redis repository, consider annotating your entities with one of these annotations: org.springframework.data.redis.core.RedisHash (preferred), or consider extending one of the following types with your repository: org.springframework.data.keyvalue.repository.KeyValueRepository
2026-05-27T16:50:51.959+03:00  INFO 25892 --- [gia] [           main] .RepositoryConfigurationExtensionSupport : Spring Data Redis - Could not safely identify store assignment for repository candidate interface com.spbutu.gia.core.domain.repository.NotificationRepository; If you want this repository to be a Redis repository, consider annotating your entities with one of these annotations: org.springframework.data.redis.core.RedisHash (preferred), or consider extending one of the following types with your repository: org.springframework.data.keyvalue.repository.KeyValueRepository
2026-05-27T16:50:51.960+03:00  INFO 25892 --- [gia] [           main] .RepositoryConfigurationExtensionSupport : Spring Data Redis - Could not safely identify store assignment for repository candidate interface com.spbutu.gia.core.domain.repository.ProtocolRecordRepository; If you want this repository to be a Redis repository, consider annotating your entities with one of these annotations: org.springframework.data.redis.core.RedisHash (preferred), or consider extending one of the following types with your repository: org.springframework.data.keyvalue.repository.KeyValueRepository
2026-05-27T16:50:51.960+03:00  INFO 25892 --- [gia] [           main] .RepositoryConfigurationExtensionSupport : Spring Data Redis - Could not safely identify store assignment for repository candidate interface com.spbutu.gia.core.domain.repository.ProtocolRepository; If you want this repository to be a Redis repository, consider annotating your entities with one of these annotations: org.springframework.data.redis.core.RedisHash (preferred), or consider extending one of the following types with your repository: org.springframework.data.keyvalue.repository.KeyValueRepository
2026-05-27T16:50:51.960+03:00  INFO 25892 --- [gia] [           main] .RepositoryConfigurationExtensionSupport : Spring Data Redis - Could not safely identify store assignment for repository candidate interface com.spbutu.gia.core.domain.repository.scos.ScosExportConfigRepository; If you want this repository to be a Redis repository, consider annotating your entities with one of these annotations: org.springframework.data.redis.core.RedisHash (preferred), or consider extending one of the following types with your repository: org.springframework.data.keyvalue.repository.KeyValueRepository
2026-05-27T16:50:51.960+03:00  INFO 25892 --- [gia] [           main] .RepositoryConfigurationExtensionSupport : Spring Data Redis - Could not safely identify store assignment for repository candidate interface com.spbutu.gia.core.domain.repository.scos.ScosExportLogRepository; If you want this repository to be a Redis repository, consider annotating your entities with one of these annotations: org.springframework.data.redis.core.RedisHash (preferred), or consider extending one of the following types with your repository: org.springframework.data.keyvalue.repository.KeyValueRepository
2026-05-27T16:50:51.960+03:00  INFO 25892 --- [gia] [           main] .RepositoryConfigurationExtensionSupport : Spring Data Redis - Could not safely identify store assignment for repository candidate interface com.spbutu.gia.core.domain.repository.StatementRecordRepository; If you want this repository to be a Redis repository, consider annotating your entities with one of these annotations: org.springframework.data.redis.core.RedisHash (preferred), or consider extending one of the following types with your repository: org.springframework.data.keyvalue.repository.KeyValueRepository
2026-05-27T16:50:51.961+03:00  INFO 25892 --- [gia] [           main] .RepositoryConfigurationExtensionSupport : Spring Data Redis - Could not safely identify store assignment for repository candidate interface com.spbutu.gia.core.domain.repository.StatementRepository; If you want this repository to be a Redis repository, consider annotating your entities with one of these annotations: org.springframework.data.redis.core.RedisHash (preferred), or consider extending one of the following types with your repository: org.springframework.data.keyvalue.repository.KeyValueRepository
2026-05-27T16:50:51.961+03:00  INFO 25892 --- [gia] [           main] .RepositoryConfigurationExtensionSupport : Spring Data Redis - Could not safely identify store assignment for repository candidate interface com.spbutu.gia.core.domain.repository.StudentRepository; If you want this repository to be a Redis repository, consider annotating your entities with one of these annotations: org.springframework.data.redis.core.RedisHash (preferred), or consider extending one of the following types with your repository: org.springframework.data.keyvalue.repository.KeyValueRepository
2026-05-27T16:50:51.961+03:00  INFO 25892 --- [gia] [           main] .RepositoryConfigurationExtensionSupport : Spring Data Redis - Could not safely identify store assignment for repository candidate interface com.spbutu.gia.core.domain.repository.StudyGroupRepository; If you want this repository to be a Redis repository, consider annotating your entities with one of these annotations: org.springframework.data.redis.core.RedisHash (preferred), or consider extending one of the following types with your repository: org.springframework.data.keyvalue.repository.KeyValueRepository
2026-05-27T16:50:51.961+03:00  INFO 25892 --- [gia] [           main] .RepositoryConfigurationExtensionSupport : Spring Data Redis - Could not safely identify store assignment for repository candidate interface com.spbutu.gia.core.domain.repository.studyplan.StudyPlanDisciplineRepository; If you want this repository to be a Redis repository, consider annotating your entities with one of these annotations: org.springframework.data.redis.core.RedisHash (preferred), or consider extending one of the following types with your repository: org.springframework.data.keyvalue.repository.KeyValueRepository
2026-05-27T16:50:51.961+03:00  INFO 25892 --- [gia] [           main] .RepositoryConfigurationExtensionSupport : Spring Data Redis - Could not safely identify store assignment for repository candidate interface com.spbutu.gia.core.domain.repository.studyplan.StudyPlanRepository; If you want this repository to be a Redis repository, consider annotating your entities with one of these annotations: org.springframework.data.redis.core.RedisHash (preferred), or consider extending one of the following types with your repository: org.springframework.data.keyvalue.repository.KeyValueRepository
2026-05-27T16:50:51.961+03:00  INFO 25892 --- [gia] [           main] .RepositoryConfigurationExtensionSupport : Spring Data Redis - Could not safely identify store assignment for repository candidate interface com.spbutu.gia.core.domain.repository.TeacherRepository; If you want this repository to be a Redis repository, consider annotating your entities with one of these annotations: org.springframework.data.redis.core.RedisHash (preferred), or consider extending one of the following types with your repository: org.springframework.data.keyvalue.repository.KeyValueRepository
2026-05-27T16:50:51.961+03:00  INFO 25892 --- [gia] [           main] .RepositoryConfigurationExtensionSupport : Spring Data Redis - Could not safely identify store assignment for repository candidate interface com.spbutu.gia.core.domain.repository.testing.AnswerOptionRepository; If you want this repository to be a Redis repository, consider annotating your entities with one of these annotations: org.springframework.data.redis.core.RedisHash (preferred), or consider extending one of the following types with your repository: org.springframework.data.keyvalue.repository.KeyValueRepository
2026-05-27T16:50:51.961+03:00  INFO 25892 --- [gia] [           main] .RepositoryConfigurationExtensionSupport : Spring Data Redis - Could not safely identify store assignment for repository candidate interface com.spbutu.gia.core.domain.repository.testing.QuestionRepository; If you want this repository to be a Redis repository, consider annotating your entities with one of these annotations: org.springframework.data.redis.core.RedisHash (preferred), or consider extending one of the following types with your repository: org.springframework.data.keyvalue.repository.KeyValueRepository
2026-05-27T16:50:51.962+03:00  INFO 25892 --- [gia] [           main] .RepositoryConfigurationExtensionSupport : Spring Data Redis - Could not safely identify store assignment for repository candidate interface com.spbutu.gia.core.domain.repository.testing.StudentAnswerRepository; If you want this repository to be a Redis repository, consider annotating your entities with one of these annotations: org.springframework.data.redis.core.RedisHash (preferred), or consider extending one of the following types with your repository: org.springframework.data.keyvalue.repository.KeyValueRepository
2026-05-27T16:50:51.962+03:00  INFO 25892 --- [gia] [           main] .RepositoryConfigurationExtensionSupport : Spring Data Redis - Could not safely identify store assignment for repository candidate interface com.spbutu.gia.core.domain.repository.testing.StudentTestAttemptRepository; If you want this repository to be a Redis repository, consider annotating your entities with one of these annotations: org.springframework.data.redis.core.RedisHash (preferred), or consider extending one of the following types with your repository: org.springframework.data.keyvalue.repository.KeyValueRepository
2026-05-27T16:50:51.962+03:00  INFO 25892 --- [gia] [           main] .RepositoryConfigurationExtensionSupport : Spring Data Redis - Could not safely identify store assignment for repository candidate interface com.spbutu.gia.core.domain.repository.testing.TestRepository; If you want this repository to be a Redis repository, consider annotating your entities with one of these annotations: org.springframework.data.redis.core.RedisHash (preferred), or consider extending one of the following types with your repository: org.springframework.data.keyvalue.repository.KeyValueRepository
2026-05-27T16:50:51.962+03:00  INFO 25892 --- [gia] [           main] .RepositoryConfigurationExtensionSupport : Spring Data Redis - Could not safely identify store assignment for repository candidate interface com.spbutu.gia.core.domain.repository.VoteRepository; If you want this repository to be a Redis repository, consider annotating your entities with one of these annotations: org.springframework.data.redis.core.RedisHash (preferred), or consider extending one of the following types with your repository: org.springframework.data.keyvalue.repository.KeyValueRepository
2026-05-27T16:50:51.962+03:00  INFO 25892 --- [gia] [           main] .s.d.r.c.RepositoryConfigurationDelegate : Finished Spring Data repository scanning in 21 ms. Found 0 Redis repository interfaces.
2026-05-27T16:50:52.549+03:00  INFO 25892 --- [gia] [           main] o.s.b.w.embedded.tomcat.TomcatWebServer  : Tomcat initialized with port 8090 (http)
2026-05-27T16:50:52.560+03:00  INFO 25892 --- [gia] [           main] o.apache.catalina.core.StandardService   : Starting service [Tomcat]
2026-05-27T16:50:52.560+03:00  INFO 25892 --- [gia] [           main] o.apache.catalina.core.StandardEngine    : Starting Servlet engine: [Apache Tomcat/10.1.54]
2026-05-27T16:50:52.615+03:00  INFO 25892 --- [gia] [           main] o.a.c.c.C.[Tomcat].[localhost].[/api]    : Initializing Spring embedded WebApplicationContext
2026-05-27T16:50:52.615+03:00  INFO 25892 --- [gia] [           main] w.s.c.ServletWebServerApplicationContext : Root WebApplicationContext: initialization completed in 1737 ms
2026-05-27T16:50:52.869+03:00 DEBUG 25892 --- [gia] [           main] o.f.c.i.s.classpath.ClassPathScanner     : Scanning for classpath resources at 'classpath:db/callback' ...
2026-05-27T16:50:52.869+03:00 DEBUG 25892 --- [gia] [           main] o.f.c.i.s.classpath.ClassPathScanner     : Determining location urls for classpath:db/callback using ClassLoader TomcatEmbeddedWebappClassLoader
  context: api
  delegate: true
----------> Parent Classloader:
jdk.internal.loader.ClassLoaders$AppClassLoader@73d16e93
 ...
2026-05-27T16:50:52.869+03:00 DEBUG 25892 --- [gia] [           main] o.f.c.i.s.classpath.ClassPathScanner     : Unable to resolve location classpath:db/callback.
2026-05-27T16:50:52.869+03:00 DEBUG 25892 --- [gia] [           main] o.f.c.i.s.classpath.ClassPathScanner     : Scanning for classpath resources at 'classpath:db/migration' ...
2026-05-27T16:50:52.869+03:00 DEBUG 25892 --- [gia] [           main] o.f.c.i.s.classpath.ClassPathScanner     : Determining location urls for classpath:db/migration using ClassLoader TomcatEmbeddedWebappClassLoader
  context: api
  delegate: true
----------> Parent Classloader:
jdk.internal.loader.ClassLoaders$AppClassLoader@73d16e93
 ...
2026-05-27T16:50:52.870+03:00 DEBUG 25892 --- [gia] [           main] o.f.c.i.s.classpath.ClassPathScanner     : Scanning URL: file:/C:/Users/%d0%92%d0%b0%d0%bb%d0%b5%d1%80%d0%b0/Desktop/GIA_Mobile/backend/target/classes/db/migration
2026-05-27T16:50:52.871+03:00 DEBUG 25892 --- [gia] [           main] i.s.c.FileSystemClassPathLocationScanner : Scanning starting at classpath root in filesystem: C:\Users\Âŕëĺđŕ\Desktop\GIA_Mobile\backend\target\classes\
2026-05-27T16:50:52.871+03:00 DEBUG 25892 --- [gia] [           main] i.s.c.FileSystemClassPathLocationScanner : Scanning for resources in path: C:\Users\Âŕëĺđŕ\Desktop\GIA_Mobile\backend\target\classes\db\migration (db/migration)
2026-05-27T16:50:52.873+03:00 DEBUG 25892 --- [gia] [           main] o.f.c.i.s.classpath.ClassPathScanner     : Found resource: db/migration/V10__grades.sql
2026-05-27T16:50:52.873+03:00 DEBUG 25892 --- [gia] [           main] o.f.c.i.s.classpath.ClassPathScanner     : Found resource: db/migration/V11__fix_protocol_status.sql
2026-05-27T16:50:52.873+03:00 DEBUG 25892 --- [gia] [           main] o.f.c.i.s.classpath.ClassPathScanner     : Found resource: db/migration/V12__notifications.sql
2026-05-27T16:50:52.873+03:00 DEBUG 25892 --- [gia] [           main] o.f.c.i.s.classpath.ClassPathScanner     : Found resource: db/migration/V13__disciplines_teachers_statements.sql
2026-05-27T16:50:52.873+03:00 DEBUG 25892 --- [gia] [           main] o.f.c.i.s.classpath.ClassPathScanner     : Found resource: db/migration/V14__demo_disciplines_teachers.sql
2026-05-27T16:50:52.873+03:00 DEBUG 25892 --- [gia] [           main] o.f.c.i.s.classpath.ClassPathScanner     : Found resource: db/migration/V1__init.sql
2026-05-27T16:50:52.873+03:00 DEBUG 25892 --- [gia] [           main] o.f.c.i.s.classpath.ClassPathScanner     : Found resource: db/migration/V21__scos_export.sql
2026-05-27T16:50:52.873+03:00 DEBUG 25892 --- [gia] [           main] o.f.c.i.s.classpath.ClassPathScanner     : Found resource: db/migration/V22__fix_supervisors.sql
2026-05-27T16:50:52.873+03:00 DEBUG 25892 --- [gia] [           main] o.f.c.i.s.classpath.ClassPathScanner     : Found resource: db/migration/V23__defense_schedule.sql
2026-05-27T16:50:52.873+03:00 DEBUG 25892 --- [gia] [           main] o.f.c.i.s.classpath.ClassPathScanner     : Found resource: db/migration/V24__deanery_orders_and_movements.sql
2026-05-27T16:50:52.873+03:00 DEBUG 25892 --- [gia] [           main] o.f.c.i.s.classpath.ClassPathScanner     : Found resource: db/migration/V25__study_plans.sql
2026-05-27T16:50:52.873+03:00 DEBUG 25892 --- [gia] [           main] o.f.c.i.s.classpath.ClassPathScanner     : Found resource: db/migration/V26__student_extended_profile.sql
2026-05-27T16:50:52.873+03:00 DEBUG 25892 --- [gia] [           main] o.f.c.i.s.classpath.ClassPathScanner     : Found resource: db/migration/V27__testing_system.sql
2026-05-27T16:50:52.874+03:00 DEBUG 25892 --- [gia] [           main] o.f.c.i.s.classpath.ClassPathScanner     : Found resource: db/migration/V28__testing_system_fix.sql
2026-05-27T16:50:52.874+03:00 DEBUG 25892 --- [gia] [           main] o.f.c.i.s.classpath.ClassPathScanner     : Found resource: db/migration/V2__seed_data.sql
2026-05-27T16:50:52.874+03:00 DEBUG 25892 --- [gia] [           main] o.f.c.i.s.classpath.ClassPathScanner     : Found resource: db/migration/V3__update_domain.sql
2026-05-27T16:50:52.874+03:00 DEBUG 25892 --- [gia] [           main] o.f.c.i.s.classpath.ClassPathScanner     : Found resource: db/migration/V4__add_decision.sql
2026-05-27T16:50:52.874+03:00 DEBUG 25892 --- [gia] [           main] o.f.c.i.s.classpath.ClassPathScanner     : Found resource: db/migration/V5__demo_meeting.sql
2026-05-27T16:50:52.874+03:00 DEBUG 25892 --- [gia] [           main] o.f.c.i.s.classpath.ClassPathScanner     : Found resource: db/migration/V6__demo_data.sql
2026-05-27T16:50:52.874+03:00 DEBUG 25892 --- [gia] [           main] o.f.c.i.s.classpath.ClassPathScanner     : Found resource: db/migration/V7__demo_data_200_students.sql
2026-05-27T16:50:52.874+03:00 DEBUG 25892 --- [gia] [           main] o.f.c.i.s.classpath.ClassPathScanner     : Found resource: db/migration/V8__draft_document.sql
2026-05-27T16:50:52.874+03:00 DEBUG 25892 --- [gia] [           main] o.f.c.i.s.classpath.ClassPathScanner     : Found resource: db/migration/V9__student_thesis_vote_comment.sql
2026-05-27T16:50:52.874+03:00 DEBUG 25892 --- [gia] [           main] o.f.c.i.s.classpath.ClassPathScanner     : Scanning for classes at classpath:db/migration
2026-05-27T16:50:52.876+03:00  INFO 25892 --- [gia] [           main] com.zaxxer.hikari.HikariDataSource       : HikariPool-1 - Starting...
2026-05-27T16:50:53.000+03:00  INFO 25892 --- [gia] [           main] com.zaxxer.hikari.pool.HikariPool        : HikariPool-1 - Added connection org.postgresql.jdbc.PgConnection@6d0a14c2
2026-05-27T16:50:53.001+03:00  INFO 25892 --- [gia] [           main] com.zaxxer.hikari.HikariDataSource       : HikariPool-1 - Start completed.
2026-05-27T16:50:53.025+03:00 DEBUG 25892 --- [gia] [           main] o.f.c.i.resource.ResourceNameValidator   : Validating V21__scos_export.sql
2026-05-27T16:50:53.025+03:00 DEBUG 25892 --- [gia] [           main] o.f.c.i.resource.ResourceNameValidator   : Validating V6__demo_data.sql
2026-05-27T16:50:53.026+03:00 DEBUG 25892 --- [gia] [           main] o.f.c.i.resource.ResourceNameValidator   : Validating V10__grades.sql
2026-05-27T16:50:53.026+03:00 DEBUG 25892 --- [gia] [           main] o.f.c.i.resource.ResourceNameValidator   : Validating V24__deanery_orders_and_movements.sql
2026-05-27T16:50:53.026+03:00 DEBUG 25892 --- [gia] [           main] o.f.c.i.resource.ResourceNameValidator   : Validating V26__student_extended_profile.sql
2026-05-27T16:50:53.026+03:00 DEBUG 25892 --- [gia] [           main] o.f.c.i.resource.ResourceNameValidator   : Validating V14__demo_disciplines_teachers.sql
2026-05-27T16:50:53.026+03:00 DEBUG 25892 --- [gia] [           main] o.f.c.i.resource.ResourceNameValidator   : Validating V4__add_decision.sql
2026-05-27T16:50:53.026+03:00 DEBUG 25892 --- [gia] [           main] o.f.c.i.resource.ResourceNameValidator   : Validating V13__disciplines_teachers_statements.sql
2026-05-27T16:50:53.026+03:00 DEBUG 25892 --- [gia] [           main] o.f.c.i.resource.ResourceNameValidator   : Validating V8__draft_document.sql
2026-05-27T16:50:53.026+03:00 DEBUG 25892 --- [gia] [           main] o.f.c.i.resource.ResourceNameValidator   : Validating V1__init.sql
2026-05-27T16:50:53.026+03:00 DEBUG 25892 --- [gia] [           main] o.f.c.i.resource.ResourceNameValidator   : Validating V11__fix_protocol_status.sql
2026-05-27T16:50:53.027+03:00 DEBUG 25892 --- [gia] [           main] o.f.c.i.resource.ResourceNameValidator   : Validating V23__defense_schedule.sql
2026-05-27T16:50:53.027+03:00 DEBUG 25892 --- [gia] [           main] o.f.c.i.resource.ResourceNameValidator   : Validating V3__update_domain.sql
2026-05-27T16:50:53.027+03:00 DEBUG 25892 --- [gia] [           main] o.f.c.i.resource.ResourceNameValidator   : Validating V22__fix_supervisors.sql
2026-05-27T16:50:53.027+03:00 DEBUG 25892 --- [gia] [           main] o.f.c.i.resource.ResourceNameValidator   : Validating V2__seed_data.sql
2026-05-27T16:50:53.027+03:00 DEBUG 25892 --- [gia] [           main] o.f.c.i.resource.ResourceNameValidator   : Validating V7__demo_data_200_students.sql
2026-05-27T16:50:53.027+03:00 DEBUG 25892 --- [gia] [           main] o.f.c.i.resource.ResourceNameValidator   : Validating V9__student_thesis_vote_comment.sql
2026-05-27T16:50:53.027+03:00 DEBUG 25892 --- [gia] [           main] o.f.c.i.resource.ResourceNameValidator   : Validating V5__demo_meeting.sql
2026-05-27T16:50:53.027+03:00 DEBUG 25892 --- [gia] [           main] o.f.c.i.resource.ResourceNameValidator   : Validating V25__study_plans.sql
2026-05-27T16:50:53.027+03:00 DEBUG 25892 --- [gia] [           main] o.f.c.i.resource.ResourceNameValidator   : Validating V12__notifications.sql
2026-05-27T16:50:53.027+03:00 DEBUG 25892 --- [gia] [           main] o.f.c.i.resource.ResourceNameValidator   : Validating V28__testing_system_fix.sql
2026-05-27T16:50:53.027+03:00 DEBUG 25892 --- [gia] [           main] o.f.c.i.resource.ResourceNameValidator   : Validating V27__testing_system.sql
2026-05-27T16:50:53.031+03:00 DEBUG 25892 --- [gia] [           main] o.f.c.i.database.DatabaseTypeRegister    : Multiple databases found that handle url 'jdbc:postgresql://localhost:5432/gia_db': CockroachDB,PostgreSQL
2026-05-27T16:50:53.032+03:00  INFO 25892 --- [gia] [           main] org.flywaydb.core.FlywayExecutor         : Database: jdbc:postgresql://localhost:5432/gia_db (PostgreSQL 15.17)
2026-05-27T16:50:53.032+03:00 DEBUG 25892 --- [gia] [           main] org.flywaydb.core.FlywayExecutor         : Database Type: PostgreSQL
2026-05-27T16:50:53.032+03:00 DEBUG 25892 --- [gia] [           main] org.flywaydb.core.FlywayExecutor         : Driver: PostgreSQL JDBC Driver 42.7.10
2026-05-27T16:50:53.032+03:00 DEBUG 25892 --- [gia] [           main] org.flywaydb.core.FlywayExecutor         : DDL Transactions Supported: true
2026-05-27T16:50:53.033+03:00 DEBUG 25892 --- [gia] [           main] o.f.c.i.s.SchemaHistoryFactory           : Schemas: 
2026-05-27T16:50:53.033+03:00 DEBUG 25892 --- [gia] [           main] o.f.c.i.s.SchemaHistoryFactory           : Default schema: null
2026-05-27T16:50:53.047+03:00 DEBUG 25892 --- [gia] [           main] org.flywaydb.core.FlywayExecutor         : Scanning for script callbacks ...
2026-05-27T16:50:53.049+03:00 DEBUG 25892 --- [gia] [           main] o.f.c.i.c.SqlScriptCallbackFactory       : Scanning for SQL callbacks ...
2026-05-27T16:50:53.058+03:00 DEBUG 25892 --- [gia] [           main] o.f.core.internal.command.DbValidate     : Validating migrations ...
2026-05-27T16:50:53.061+03:00 DEBUG 25892 --- [gia] [           main] o.f.c.a.c.ClassicConfiguration           : CherryPickConfigurationExtension not found
2026-05-27T16:50:53.078+03:00 DEBUG 25892 --- [gia] [           main] o.f.core.internal.scanner.Scanner        : Filtering out resource: db/migration/V21__scos_export.sql (filename: V21__scos_export.sql)
2026-05-27T16:50:53.078+03:00 DEBUG 25892 --- [gia] [           main] o.f.core.internal.scanner.Scanner        : Filtering out resource: db/migration/V6__demo_data.sql (filename: V6__demo_data.sql)
2026-05-27T16:50:53.078+03:00 DEBUG 25892 --- [gia] [           main] o.f.core.internal.scanner.Scanner        : Filtering out resource: db/migration/V10__grades.sql (filename: V10__grades.sql)
2026-05-27T16:50:53.078+03:00 DEBUG 25892 --- [gia] [           main] o.f.core.internal.scanner.Scanner        : Filtering out resource: db/migration/V24__deanery_orders_and_movements.sql (filename: V24__deanery_orders_and_movements.sql)
2026-05-27T16:50:53.078+03:00 DEBUG 25892 --- [gia] [           main] o.f.core.internal.scanner.Scanner        : Filtering out resource: db/migration/V26__student_extended_profile.sql (filename: V26__student_extended_profile.sql)
2026-05-27T16:50:53.078+03:00 DEBUG 25892 --- [gia] [           main] o.f.core.internal.scanner.Scanner        : Filtering out resource: db/migration/V14__demo_disciplines_teachers.sql (filename: V14__demo_disciplines_teachers.sql)
2026-05-27T16:50:53.078+03:00 DEBUG 25892 --- [gia] [           main] o.f.core.internal.scanner.Scanner        : Filtering out resource: db/migration/V4__add_decision.sql (filename: V4__add_decision.sql)
2026-05-27T16:50:53.078+03:00 DEBUG 25892 --- [gia] [           main] o.f.core.internal.scanner.Scanner        : Filtering out resource: db/migration/V13__disciplines_teachers_statements.sql (filename: V13__disciplines_teachers_statements.sql)
2026-05-27T16:50:53.078+03:00 DEBUG 25892 --- [gia] [           main] o.f.core.internal.scanner.Scanner        : Filtering out resource: db/migration/V8__draft_document.sql (filename: V8__draft_document.sql)
2026-05-27T16:50:53.078+03:00 DEBUG 25892 --- [gia] [           main] o.f.core.internal.scanner.Scanner        : Filtering out resource: db/migration/V1__init.sql (filename: V1__init.sql)
2026-05-27T16:50:53.078+03:00 DEBUG 25892 --- [gia] [           main] o.f.core.internal.scanner.Scanner        : Filtering out resource: db/migration/V11__fix_protocol_status.sql (filename: V11__fix_protocol_status.sql)
2026-05-27T16:50:53.078+03:00 DEBUG 25892 --- [gia] [           main] o.f.core.internal.scanner.Scanner        : Filtering out resource: db/migration/V23__defense_schedule.sql (filename: V23__defense_schedule.sql)
2026-05-27T16:50:53.078+03:00 DEBUG 25892 --- [gia] [           main] o.f.core.internal.scanner.Scanner        : Filtering out resource: db/migration/V3__update_domain.sql (filename: V3__update_domain.sql)
2026-05-27T16:50:53.078+03:00 DEBUG 25892 --- [gia] [           main] o.f.core.internal.scanner.Scanner        : Filtering out resource: db/migration/V22__fix_supervisors.sql (filename: V22__fix_supervisors.sql)
2026-05-27T16:50:53.079+03:00 DEBUG 25892 --- [gia] [           main] o.f.core.internal.scanner.Scanner        : Filtering out resource: db/migration/V2__seed_data.sql (filename: V2__seed_data.sql)
2026-05-27T16:50:53.079+03:00 DEBUG 25892 --- [gia] [           main] o.f.core.internal.scanner.Scanner        : Filtering out resource: db/migration/V7__demo_data_200_students.sql (filename: V7__demo_data_200_students.sql)
2026-05-27T16:50:53.079+03:00 DEBUG 25892 --- [gia] [           main] o.f.core.internal.scanner.Scanner        : Filtering out resource: db/migration/V9__student_thesis_vote_comment.sql (filename: V9__student_thesis_vote_comment.sql)
2026-05-27T16:50:53.079+03:00 DEBUG 25892 --- [gia] [           main] o.f.core.internal.scanner.Scanner        : Filtering out resource: db/migration/V5__demo_meeting.sql (filename: V5__demo_meeting.sql)
2026-05-27T16:50:53.079+03:00 DEBUG 25892 --- [gia] [           main] o.f.core.internal.scanner.Scanner        : Filtering out resource: db/migration/V25__study_plans.sql (filename: V25__study_plans.sql)
2026-05-27T16:50:53.079+03:00 DEBUG 25892 --- [gia] [           main] o.f.core.internal.scanner.Scanner        : Filtering out resource: db/migration/V12__notifications.sql (filename: V12__notifications.sql)
2026-05-27T16:50:53.079+03:00 DEBUG 25892 --- [gia] [           main] o.f.core.internal.scanner.Scanner        : Filtering out resource: db/migration/V28__testing_system_fix.sql (filename: V28__testing_system_fix.sql)
2026-05-27T16:50:53.079+03:00 DEBUG 25892 --- [gia] [           main] o.f.core.internal.scanner.Scanner        : Filtering out resource: db/migration/V27__testing_system.sql (filename: V27__testing_system.sql)
2026-05-27T16:50:53.080+03:00 DEBUG 25892 --- [gia] [           main] o.f.core.internal.scanner.Scanner        : Filtering out resource: db/migration/V21__scos_export.sql (filename: V21__scos_export.sql)
2026-05-27T16:50:53.080+03:00 DEBUG 25892 --- [gia] [           main] o.f.core.internal.scanner.Scanner        : Filtering out resource: db/migration/V6__demo_data.sql (filename: V6__demo_data.sql)
2026-05-27T16:50:53.080+03:00 DEBUG 25892 --- [gia] [           main] o.f.core.internal.scanner.Scanner        : Filtering out resource: db/migration/V10__grades.sql (filename: V10__grades.sql)
2026-05-27T16:50:53.080+03:00 DEBUG 25892 --- [gia] [           main] o.f.core.internal.scanner.Scanner        : Filtering out resource: db/migration/V24__deanery_orders_and_movements.sql (filename: V24__deanery_orders_and_movements.sql)
2026-05-27T16:50:53.080+03:00 DEBUG 25892 --- [gia] [           main] o.f.core.internal.scanner.Scanner        : Filtering out resource: db/migration/V26__student_extended_profile.sql (filename: V26__student_extended_profile.sql)
2026-05-27T16:50:53.080+03:00 DEBUG 25892 --- [gia] [           main] o.f.core.internal.scanner.Scanner        : Filtering out resource: db/migration/V14__demo_disciplines_teachers.sql (filename: V14__demo_disciplines_teachers.sql)
2026-05-27T16:50:53.080+03:00 DEBUG 25892 --- [gia] [           main] o.f.core.internal.scanner.Scanner        : Filtering out resource: db/migration/V4__add_decision.sql (filename: V4__add_decision.sql)
2026-05-27T16:50:53.080+03:00 DEBUG 25892 --- [gia] [           main] o.f.core.internal.scanner.Scanner        : Filtering out resource: db/migration/V13__disciplines_teachers_statements.sql (filename: V13__disciplines_teachers_statements.sql)
2026-05-27T16:50:53.080+03:00 DEBUG 25892 --- [gia] [           main] o.f.core.internal.scanner.Scanner        : Filtering out resource: db/migration/V8__draft_document.sql (filename: V8__draft_document.sql)
2026-05-27T16:50:53.080+03:00 DEBUG 25892 --- [gia] [           main] o.f.core.internal.scanner.Scanner        : Filtering out resource: db/migration/V1__init.sql (filename: V1__init.sql)
2026-05-27T16:50:53.080+03:00 DEBUG 25892 --- [gia] [           main] o.f.core.internal.scanner.Scanner        : Filtering out resource: db/migration/V11__fix_protocol_status.sql (filename: V11__fix_protocol_status.sql)
2026-05-27T16:50:53.080+03:00 DEBUG 25892 --- [gia] [           main] o.f.core.internal.scanner.Scanner        : Filtering out resource: db/migration/V23__defense_schedule.sql (filename: V23__defense_schedule.sql)
2026-05-27T16:50:53.080+03:00 DEBUG 25892 --- [gia] [           main] o.f.core.internal.scanner.Scanner        : Filtering out resource: db/migration/V3__update_domain.sql (filename: V3__update_domain.sql)
2026-05-27T16:50:53.080+03:00 DEBUG 25892 --- [gia] [           main] o.f.core.internal.scanner.Scanner        : Filtering out resource: db/migration/V22__fix_supervisors.sql (filename: V22__fix_supervisors.sql)
2026-05-27T16:50:53.081+03:00 DEBUG 25892 --- [gia] [           main] o.f.core.internal.scanner.Scanner        : Filtering out resource: db/migration/V2__seed_data.sql (filename: V2__seed_data.sql)
2026-05-27T16:50:53.081+03:00 DEBUG 25892 --- [gia] [           main] o.f.core.internal.scanner.Scanner        : Filtering out resource: db/migration/V7__demo_data_200_students.sql (filename: V7__demo_data_200_students.sql)
2026-05-27T16:50:53.081+03:00 DEBUG 25892 --- [gia] [           main] o.f.core.internal.scanner.Scanner        : Filtering out resource: db/migration/V9__student_thesis_vote_comment.sql (filename: V9__student_thesis_vote_comment.sql)
2026-05-27T16:50:53.081+03:00 DEBUG 25892 --- [gia] [           main] o.f.core.internal.scanner.Scanner        : Filtering out resource: db/migration/V5__demo_meeting.sql (filename: V5__demo_meeting.sql)
2026-05-27T16:50:53.081+03:00 DEBUG 25892 --- [gia] [           main] o.f.core.internal.scanner.Scanner        : Filtering out resource: db/migration/V25__study_plans.sql (filename: V25__study_plans.sql)
2026-05-27T16:50:53.081+03:00 DEBUG 25892 --- [gia] [           main] o.f.core.internal.scanner.Scanner        : Filtering out resource: db/migration/V12__notifications.sql (filename: V12__notifications.sql)
2026-05-27T16:50:53.081+03:00 DEBUG 25892 --- [gia] [           main] o.f.core.internal.scanner.Scanner        : Filtering out resource: db/migration/V28__testing_system_fix.sql (filename: V28__testing_system_fix.sql)
2026-05-27T16:50:53.081+03:00 DEBUG 25892 --- [gia] [           main] o.f.core.internal.scanner.Scanner        : Filtering out resource: db/migration/V27__testing_system.sql (filename: V27__testing_system.sql)
2026-05-27T16:50:53.082+03:00 DEBUG 25892 --- [gia] [           main] o.f.core.internal.scanner.Scanner        : Filtering out resource: db/migration/V21__scos_export.sql (filename: V21__scos_export.sql)
2026-05-27T16:50:53.082+03:00 DEBUG 25892 --- [gia] [           main] o.f.core.internal.scanner.Scanner        : Filtering out resource: db/migration/V6__demo_data.sql (filename: V6__demo_data.sql)
2026-05-27T16:50:53.082+03:00 DEBUG 25892 --- [gia] [           main] o.f.core.internal.scanner.Scanner        : Filtering out resource: db/migration/V10__grades.sql (filename: V10__grades.sql)
2026-05-27T16:50:53.082+03:00 DEBUG 25892 --- [gia] [           main] o.f.core.internal.scanner.Scanner        : Filtering out resource: db/migration/V24__deanery_orders_and_movements.sql (filename: V24__deanery_orders_and_movements.sql)
2026-05-27T16:50:53.082+03:00 DEBUG 25892 --- [gia] [           main] o.f.core.internal.scanner.Scanner        : Filtering out resource: db/migration/V26__student_extended_profile.sql (filename: V26__student_extended_profile.sql)
2026-05-27T16:50:53.082+03:00 DEBUG 25892 --- [gia] [           main] o.f.core.internal.scanner.Scanner        : Filtering out resource: db/migration/V14__demo_disciplines_teachers.sql (filename: V14__demo_disciplines_teachers.sql)
2026-05-27T16:50:53.082+03:00 DEBUG 25892 --- [gia] [           main] o.f.core.internal.scanner.Scanner        : Filtering out resource: db/migration/V4__add_decision.sql (filename: V4__add_decision.sql)
2026-05-27T16:50:53.082+03:00 DEBUG 25892 --- [gia] [           main] o.f.core.internal.scanner.Scanner        : Filtering out resource: db/migration/V13__disciplines_teachers_statements.sql (filename: V13__disciplines_teachers_statements.sql)
2026-05-27T16:50:53.082+03:00 DEBUG 25892 --- [gia] [           main] o.f.core.internal.scanner.Scanner        : Filtering out resource: db/migration/V8__draft_document.sql (filename: V8__draft_document.sql)
2026-05-27T16:50:53.082+03:00 DEBUG 25892 --- [gia] [           main] o.f.core.internal.scanner.Scanner        : Filtering out resource: db/migration/V1__init.sql (filename: V1__init.sql)
2026-05-27T16:50:53.082+03:00 DEBUG 25892 --- [gia] [           main] o.f.core.internal.scanner.Scanner        : Filtering out resource: db/migration/V11__fix_protocol_status.sql (filename: V11__fix_protocol_status.sql)
2026-05-27T16:50:53.082+03:00 DEBUG 25892 --- [gia] [           main] o.f.core.internal.scanner.Scanner        : Filtering out resource: db/migration/V23__defense_schedule.sql (filename: V23__defense_schedule.sql)
2026-05-27T16:50:53.082+03:00 DEBUG 25892 --- [gia] [           main] o.f.core.internal.scanner.Scanner        : Filtering out resource: db/migration/V3__update_domain.sql (filename: V3__update_domain.sql)
2026-05-27T16:50:53.082+03:00 DEBUG 25892 --- [gia] [           main] o.f.core.internal.scanner.Scanner        : Filtering out resource: db/migration/V22__fix_supervisors.sql (filename: V22__fix_supervisors.sql)
2026-05-27T16:50:53.082+03:00 DEBUG 25892 --- [gia] [           main] o.f.core.internal.scanner.Scanner        : Filtering out resource: db/migration/V2__seed_data.sql (filename: V2__seed_data.sql)
2026-05-27T16:50:53.082+03:00 DEBUG 25892 --- [gia] [           main] o.f.core.internal.scanner.Scanner        : Filtering out resource: db/migration/V7__demo_data_200_students.sql (filename: V7__demo_data_200_students.sql)
2026-05-27T16:50:53.082+03:00 DEBUG 25892 --- [gia] [           main] o.f.core.internal.scanner.Scanner        : Filtering out resource: db/migration/V9__student_thesis_vote_comment.sql (filename: V9__student_thesis_vote_comment.sql)
2026-05-27T16:50:53.082+03:00 DEBUG 25892 --- [gia] [           main] o.f.core.internal.scanner.Scanner        : Filtering out resource: db/migration/V5__demo_meeting.sql (filename: V5__demo_meeting.sql)
2026-05-27T16:50:53.082+03:00 DEBUG 25892 --- [gia] [           main] o.f.core.internal.scanner.Scanner        : Filtering out resource: db/migration/V25__study_plans.sql (filename: V25__study_plans.sql)
2026-05-27T16:50:53.082+03:00 DEBUG 25892 --- [gia] [           main] o.f.core.internal.scanner.Scanner        : Filtering out resource: db/migration/V12__notifications.sql (filename: V12__notifications.sql)
2026-05-27T16:50:53.082+03:00 DEBUG 25892 --- [gia] [           main] o.f.core.internal.scanner.Scanner        : Filtering out resource: db/migration/V28__testing_system_fix.sql (filename: V28__testing_system_fix.sql)
2026-05-27T16:50:53.082+03:00 DEBUG 25892 --- [gia] [           main] o.f.core.internal.scanner.Scanner        : Filtering out resource: db/migration/V27__testing_system.sql (filename: V27__testing_system.sql)
2026-05-27T16:50:53.082+03:00 DEBUG 25892 --- [gia] [           main] o.f.core.internal.scanner.Scanner        : Filtering out resource: db/migration/V21__scos_export.sql (filename: V21__scos_export.sql)
2026-05-27T16:50:53.082+03:00 DEBUG 25892 --- [gia] [           main] o.f.core.internal.scanner.Scanner        : Filtering out resource: db/migration/V6__demo_data.sql (filename: V6__demo_data.sql)
2026-05-27T16:50:53.082+03:00 DEBUG 25892 --- [gia] [           main] o.f.core.internal.scanner.Scanner        : Filtering out resource: db/migration/V10__grades.sql (filename: V10__grades.sql)
2026-05-27T16:50:53.082+03:00 DEBUG 25892 --- [gia] [           main] o.f.core.internal.scanner.Scanner        : Filtering out resource: db/migration/V24__deanery_orders_and_movements.sql (filename: V24__deanery_orders_and_movements.sql)
2026-05-27T16:50:53.082+03:00 DEBUG 25892 --- [gia] [           main] o.f.core.internal.scanner.Scanner        : Filtering out resource: db/migration/V26__student_extended_profile.sql (filename: V26__student_extended_profile.sql)
2026-05-27T16:50:53.083+03:00 DEBUG 25892 --- [gia] [           main] o.f.core.internal.scanner.Scanner        : Filtering out resource: db/migration/V14__demo_disciplines_teachers.sql (filename: V14__demo_disciplines_teachers.sql)
2026-05-27T16:50:53.083+03:00 DEBUG 25892 --- [gia] [           main] o.f.core.internal.scanner.Scanner        : Filtering out resource: db/migration/V4__add_decision.sql (filename: V4__add_decision.sql)
2026-05-27T16:50:53.083+03:00 DEBUG 25892 --- [gia] [           main] o.f.core.internal.scanner.Scanner        : Filtering out resource: db/migration/V13__disciplines_teachers_statements.sql (filename: V13__disciplines_teachers_statements.sql)
2026-05-27T16:50:53.083+03:00 DEBUG 25892 --- [gia] [           main] o.f.core.internal.scanner.Scanner        : Filtering out resource: db/migration/V8__draft_document.sql (filename: V8__draft_document.sql)
2026-05-27T16:50:53.083+03:00 DEBUG 25892 --- [gia] [           main] o.f.core.internal.scanner.Scanner        : Filtering out resource: db/migration/V1__init.sql (filename: V1__init.sql)
2026-05-27T16:50:53.083+03:00 DEBUG 25892 --- [gia] [           main] o.f.core.internal.scanner.Scanner        : Filtering out resource: db/migration/V11__fix_protocol_status.sql (filename: V11__fix_protocol_status.sql)
2026-05-27T16:50:53.083+03:00 DEBUG 25892 --- [gia] [           main] o.f.core.internal.scanner.Scanner        : Filtering out resource: db/migration/V23__defense_schedule.sql (filename: V23__defense_schedule.sql)
2026-05-27T16:50:53.083+03:00 DEBUG 25892 --- [gia] [           main] o.f.core.internal.scanner.Scanner        : Filtering out resource: db/migration/V3__update_domain.sql (filename: V3__update_domain.sql)
2026-05-27T16:50:53.083+03:00 DEBUG 25892 --- [gia] [           main] o.f.core.internal.scanner.Scanner        : Filtering out resource: db/migration/V22__fix_supervisors.sql (filename: V22__fix_supervisors.sql)
2026-05-27T16:50:53.083+03:00 DEBUG 25892 --- [gia] [           main] o.f.core.internal.scanner.Scanner        : Filtering out resource: db/migration/V2__seed_data.sql (filename: V2__seed_data.sql)
2026-05-27T16:50:53.083+03:00 DEBUG 25892 --- [gia] [           main] o.f.core.internal.scanner.Scanner        : Filtering out resource: db/migration/V7__demo_data_200_students.sql (filename: V7__demo_data_200_students.sql)
2026-05-27T16:50:53.083+03:00 DEBUG 25892 --- [gia] [           main] o.f.core.internal.scanner.Scanner        : Filtering out resource: db/migration/V9__student_thesis_vote_comment.sql (filename: V9__student_thesis_vote_comment.sql)
2026-05-27T16:50:53.083+03:00 DEBUG 25892 --- [gia] [           main] o.f.core.internal.scanner.Scanner        : Filtering out resource: db/migration/V5__demo_meeting.sql (filename: V5__demo_meeting.sql)
2026-05-27T16:50:53.083+03:00 DEBUG 25892 --- [gia] [           main] o.f.core.internal.scanner.Scanner        : Filtering out resource: db/migration/V25__study_plans.sql (filename: V25__study_plans.sql)
2026-05-27T16:50:53.083+03:00 DEBUG 25892 --- [gia] [           main] o.f.core.internal.scanner.Scanner        : Filtering out resource: db/migration/V12__notifications.sql (filename: V12__notifications.sql)
2026-05-27T16:50:53.083+03:00 DEBUG 25892 --- [gia] [           main] o.f.core.internal.scanner.Scanner        : Filtering out resource: db/migration/V28__testing_system_fix.sql (filename: V28__testing_system_fix.sql)
2026-05-27T16:50:53.083+03:00 DEBUG 25892 --- [gia] [           main] o.f.core.internal.scanner.Scanner        : Filtering out resource: db/migration/V27__testing_system.sql (filename: V27__testing_system.sql)
2026-05-27T16:50:53.104+03:00  INFO 25892 --- [gia] [           main] o.f.core.internal.command.DbValidate     : Successfully validated 22 migrations (execution time 00:00.044s)
2026-05-27T16:50:53.108+03:00 DEBUG 25892 --- [gia] [           main] o.f.core.internal.command.DbSchemas      : Skipping creation of existing schema: "public"
2026-05-27T16:50:53.132+03:00 DEBUG 25892 --- [gia] [           main] o.f.c.a.c.ClassicConfiguration           : CherryPickConfigurationExtension not found
2026-05-27T16:50:53.136+03:00  INFO 25892 --- [gia] [           main] o.f.core.internal.command.DbMigrate      : Current version of schema "public": 28
2026-05-27T16:50:53.139+03:00  INFO 25892 --- [gia] [           main] o.f.core.internal.command.DbMigrate      : Schema "public" is up to date. No migration necessary.
2026-05-27T16:50:53.149+03:00 DEBUG 25892 --- [gia] [           main] org.flywaydb.core.FlywayExecutor         : Memory usage: 75 of 120M
2026-05-27T16:50:53.228+03:00  INFO 25892 --- [gia] [           main] o.hibernate.jpa.internal.util.LogHelper  : HHH000204: Processing PersistenceUnitInfo [name: default]
2026-05-27T16:50:53.271+03:00  INFO 25892 --- [gia] [           main] org.hibernate.Version                    : HHH000412: Hibernate ORM core version 6.6.49.Final
2026-05-27T16:50:53.301+03:00  INFO 25892 --- [gia] [           main] o.h.c.internal.RegionFactoryInitiator    : HHH000026: Second-level cache disabled
2026-05-27T16:50:53.546+03:00  INFO 25892 --- [gia] [           main] o.s.o.j.p.SpringPersistenceUnitInfo      : No LoadTimeWeaver setup: ignoring JPA class transformer
2026-05-27T16:50:53.593+03:00  WARN 25892 --- [gia] [           main] org.hibernate.orm.deprecation            : HHH90000025: PostgreSQLDialect does not need to be specified explicitly using 'hibernate.dialect' (remove the property setting and it will be selected by default)
2026-05-27T16:50:53.608+03:00  INFO 25892 --- [gia] [           main] org.hibernate.orm.connections.pooling    : HHH10001005: Database info:
	Database JDBC URL [Connecting through datasource 'HikariDataSource (HikariPool-1)']
	Database driver: undefined/unknown
	Database version: 15.17
	Autocommit mode: undefined/unknown
	Isolation level: undefined/unknown
	Minimum pool size: undefined/unknown
	Maximum pool size: undefined/unknown
2026-05-27T16:50:54.773+03:00  INFO 25892 --- [gia] [           main] o.h.e.t.j.p.i.JtaPlatformInitiator       : HHH000489: No JTA platform available (set 'hibernate.transaction.jta.platform' to enable JTA platform integration)
2026-05-27T16:50:54.825+03:00  INFO 25892 --- [gia] [           main] j.LocalContainerEntityManagerFactoryBean : Initialized JPA EntityManagerFactory for persistence unit 'default'
2026-05-27T16:50:55.135+03:00  INFO 25892 --- [gia] [           main] r$InitializeUserDetailsManagerConfigurer : Global AuthenticationManager configured with UserDetailsService bean with name userDetailsServiceImpl
2026-05-27T16:50:55.370+03:00  INFO 25892 --- [gia] [           main] o.s.d.j.r.query.QueryEnhancerFactory     : Hibernate is in classpath; If applicable, HQL parser will be used.
2026-05-27T16:50:56.392+03:00  WARN 25892 --- [gia] [           main] JpaBaseConfiguration$JpaWebConfiguration : spring.jpa.open-in-view is enabled by default. Therefore, database queries may be performed during view rendering. Explicitly configure spring.jpa.open-in-view to disable this warning
2026-05-27T16:50:56.853+03:00  INFO 25892 --- [gia] [           main] o.s.b.a.e.web.EndpointLinksResolver      : Exposing 1 endpoint beneath base path '/actuator'
2026-05-27T16:50:56.980+03:00 DEBUG 25892 --- [gia] [           main] o.s.s.web.DefaultSecurityFilterChain     : Will secure any request with filters: DisableEncodeUrlFilter, WebAsyncManagerIntegrationFilter, SecurityContextHolderFilter, HeaderWriterFilter, CorsFilter, LogoutFilter, JwtFilter, RequestCacheAwareFilter, SecurityContextHolderAwareRequestFilter, AnonymousAuthenticationFilter, SessionManagementFilter, ExceptionTranslationFilter, AuthorizationFilter
2026-05-27T16:50:57.400+03:00  INFO 25892 --- [gia] [           main] o.s.b.w.embedded.tomcat.TomcatWebServer  : Tomcat started on port 8090 (http) with context path '/api'
2026-05-27T16:50:57.415+03:00  INFO 25892 --- [gia] [           main] com.spbutu.gia.GiaApplication            : Started GiaApplication in 6.936 seconds (process running for 7.224)
2026-05-27T16:52:10.561+03:00  INFO 25892 --- [gia] [nio-8090-exec-1] o.a.c.c.C.[Tomcat].[localhost].[/api]    : Initializing Spring DispatcherServlet 'dispatcherServlet'
2026-05-27T16:52:10.561+03:00  INFO 25892 --- [gia] [nio-8090-exec-1] o.s.web.servlet.DispatcherServlet        : Initializing Servlet 'dispatcherServlet'
2026-05-27T16:52:10.563+03:00  INFO 25892 --- [gia] [nio-8090-exec-1] o.s.web.servlet.DispatcherServlet        : Completed initialization in 2 ms
2026-05-27T16:52:10.583+03:00 DEBUG 25892 --- [gia] [nio-8090-exec-1] o.s.security.web.FilterChainProxy        : Securing GET /protocols
2026-05-27T16:52:10.592+03:00 DEBUG 25892 --- [gia] [nio-8090-exec-1] o.s.s.w.a.AnonymousAuthenticationFilter  : Set SecurityContextHolder to anonymous SecurityContext
2026-05-27T16:52:10.598+03:00 DEBUG 25892 --- [gia] [nio-8090-exec-1] o.s.security.web.FilterChainProxy        : Secured GET /protocols
2026-05-27T16:52:10.610+03:00 ERROR 25892 --- [gia] [nio-8090-exec-1] c.s.g.c.w.advice.GlobalExceptionHandler  : Internal error: No static resource protocols.

org.springframework.web.servlet.resource.NoResourceFoundException: No static resource protocols.
	at org.springframework.web.servlet.resource.ResourceHttpRequestHandler.handleRequest(ResourceHttpRequestHandler.java:584) ~[spring-webmvc-6.2.18.jar:6.2.18]
	at org.springframework.web.servlet.mvc.HttpRequestHandlerAdapter.handle(HttpRequestHandlerAdapter.java:52) ~[spring-webmvc-6.2.18.jar:6.2.18]
	at org.springframework.web.servlet.DispatcherServlet.doDispatch(DispatcherServlet.java:1089) ~[spring-webmvc-6.2.18.jar:6.2.18]
	at org.springframework.web.servlet.DispatcherServlet.doService(DispatcherServlet.java:979) ~[spring-webmvc-6.2.18.jar:6.2.18]
	at org.springframework.web.servlet.FrameworkServlet.processRequest(FrameworkServlet.java:1014) ~[spring-webmvc-6.2.18.jar:6.2.18]
	at org.springframework.web.servlet.FrameworkServlet.doGet(FrameworkServlet.java:903) ~[spring-webmvc-6.2.18.jar:6.2.18]
	at jakarta.servlet.http.HttpServlet.service(HttpServlet.java:564) ~[tomcat-embed-core-10.1.54.jar:6.0]
	at org.springframework.web.servlet.FrameworkServlet.service(FrameworkServlet.java:885) ~[spring-webmvc-6.2.18.jar:6.2.18]
	at jakarta.servlet.http.HttpServlet.service(HttpServlet.java:658) ~[tomcat-embed-core-10.1.54.jar:6.0]
	at org.apache.catalina.core.ApplicationFilterChain.internalDoFilter(ApplicationFilterChain.java:193) ~[tomcat-embed-core-10.1.54.jar:10.1.54]
	at org.apache.catalina.core.ApplicationFilterChain.doFilter(ApplicationFilterChain.java:138) ~[tomcat-embed-core-10.1.54.jar:10.1.54]
	at org.apache.tomcat.websocket.server.WsFilter.doFilter(WsFilter.java:51) ~[tomcat-embed-websocket-10.1.54.jar:10.1.54]
	at org.apache.catalina.core.ApplicationFilterChain.internalDoFilter(ApplicationFilterChain.java:162) ~[tomcat-embed-core-10.1.54.jar:10.1.54]
	at org.apache.catalina.core.ApplicationFilterChain.doFilter(ApplicationFilterChain.java:138) ~[tomcat-embed-core-10.1.54.jar:10.1.54]
	at org.springframework.web.filter.OncePerRequestFilter.doFilter(OncePerRequestFilter.java:110) ~[spring-web-6.2.18.jar:6.2.18]
	at org.apache.catalina.core.ApplicationFilterChain.internalDoFilter(ApplicationFilterChain.java:162) ~[tomcat-embed-core-10.1.54.jar:10.1.54]
	at org.apache.catalina.core.ApplicationFilterChain.doFilter(ApplicationFilterChain.java:138) ~[tomcat-embed-core-10.1.54.jar:10.1.54]
	at org.springframework.web.filter.CompositeFilter$VirtualFilterChain.doFilter(CompositeFilter.java:108) ~[spring-web-6.2.18.jar:6.2.18]
	at org.springframework.web.filter.CompositeFilter$VirtualFilterChain.doFilter(CompositeFilter.java:108) ~[spring-web-6.2.18.jar:6.2.18]
	at org.springframework.security.web.FilterChainProxy.lambda$doFilterInternal$3(FilterChainProxy.java:231) ~[spring-security-web-6.5.10.jar:6.5.10]
	at org.springframework.security.web.ObservationFilterChainDecorator$FilterObservation$SimpleFilterObservation.lambda$wrap$1(ObservationFilterChainDecorator.java:490) ~[spring-security-web-6.5.10.jar:6.5.10]
	at org.springframework.security.web.ObservationFilterChainDecorator$AroundFilterObservation$SimpleAroundFilterObservation.lambda$wrap$1(ObservationFilterChainDecorator.java:351) ~[spring-security-web-6.5.10.jar:6.5.10]
	at org.springframework.security.web.ObservationFilterChainDecorator.lambda$wrapSecured$0(ObservationFilterChainDecorator.java:83) ~[spring-security-web-6.5.10.jar:6.5.10]
	at org.springframework.security.web.ObservationFilterChainDecorator$VirtualFilterChain.doFilter(ObservationFilterChainDecorator.java:129) ~[spring-security-web-6.5.10.jar:6.5.10]
	at org.springframework.security.web.access.intercept.AuthorizationFilter.doFilter(AuthorizationFilter.java:101) ~[spring-security-web-6.5.10.jar:6.5.10]
	at org.springframework.security.web.ObservationFilterChainDecorator$ObservationFilter.wrapFilter(ObservationFilterChainDecorator.java:241) ~[spring-security-web-6.5.10.jar:6.5.10]
	at org.springframework.security.web.ObservationFilterChainDecorator$ObservationFilter.doFilter(ObservationFilterChainDecorator.java:228) ~[spring-security-web-6.5.10.jar:6.5.10]
	at org.springframework.security.web.ObservationFilterChainDecorator$VirtualFilterChain.doFilter(ObservationFilterChainDecorator.java:138) ~[spring-security-web-6.5.10.jar:6.5.10]
	at org.springframework.security.web.access.ExceptionTranslationFilter.doFilter(ExceptionTranslationFilter.java:125) ~[spring-security-web-6.5.10.jar:6.5.10]
	at org.springframework.security.web.access.ExceptionTranslationFilter.doFilter(ExceptionTranslationFilter.java:119) ~[spring-security-web-6.5.10.jar:6.5.10]
	at org.springframework.security.web.ObservationFilterChainDecorator$ObservationFilter.wrapFilter(ObservationFilterChainDecorator.java:241) ~[spring-security-web-6.5.10.jar:6.5.10]
	at org.springframework.security.web.ObservationFilterChainDecorator$ObservationFilter.doFilter(ObservationFilterChainDecorator.java:228) ~[spring-security-web-6.5.10.jar:6.5.10]
	at org.springframework.security.web.ObservationFilterChainDecorator$VirtualFilterChain.doFilter(ObservationFilterChainDecorator.java:138) ~[spring-security-web-6.5.10.jar:6.5.10]
	at org.springframework.security.web.session.SessionManagementFilter.doFilter(SessionManagementFilter.java:131) ~[spring-security-web-6.5.10.jar:6.5.10]
	at org.springframework.security.web.session.SessionManagementFilter.doFilter(SessionManagementFilter.java:85) ~[spring-security-web-6.5.10.jar:6.5.10]
	at org.springframework.security.web.ObservationFilterChainDecorator$ObservationFilter.wrapFilter(ObservationFilterChainDecorator.java:241) ~[spring-security-web-6.5.10.jar:6.5.10]
	at org.springframework.security.web.ObservationFilterChainDecorator$ObservationFilter.doFilter(ObservationFilterChainDecorator.java:228) ~[spring-security-web-6.5.10.jar:6.5.10]
	at org.springframework.security.web.ObservationFilterChainDecorator$VirtualFilterChain.doFilter(ObservationFilterChainDecorator.java:138) ~[spring-security-web-6.5.10.jar:6.5.10]
	at org.springframework.security.web.authentication.AnonymousAuthenticationFilter.doFilter(AnonymousAuthenticationFilter.java:100) ~[spring-security-web-6.5.10.jar:6.5.10]
	at org.springframework.security.web.ObservationFilterChainDecorator$ObservationFilter.wrapFilter(ObservationFilterChainDecorator.java:241) ~[spring-security-web-6.5.10.jar:6.5.10]
	at org.springframework.security.web.ObservationFilterChainDecorator$ObservationFilter.doFilter(ObservationFilterChainDecorator.java:228) ~[spring-security-web-6.5.10.jar:6.5.10]
	at org.springframework.security.web.ObservationFilterChainDecorator$VirtualFilterChain.doFilter(ObservationFilterChainDecorator.java:138) ~[spring-security-web-6.5.10.jar:6.5.10]
	at org.springframework.security.web.servletapi.SecurityContextHolderAwareRequestFilter.doFilter(SecurityContextHolderAwareRequestFilter.java:179) ~[spring-security-web-6.5.10.jar:6.5.10]
	at org.springframework.security.web.ObservationFilterChainDecorator$ObservationFilter.wrapFilter(ObservationFilterChainDecorator.java:241) ~[spring-security-web-6.5.10.jar:6.5.10]
	at org.springframework.security.web.ObservationFilterChainDecorator$ObservationFilter.doFilter(ObservationFilterChainDecorator.java:228) ~[spring-security-web-6.5.10.jar:6.5.10]
	at org.springframework.security.web.ObservationFilterChainDecorator$VirtualFilterChain.doFilter(ObservationFilterChainDecorator.java:138) ~[spring-security-web-6.5.10.jar:6.5.10]
	at org.springframework.security.web.savedrequest.RequestCacheAwareFilter.doFilter(RequestCacheAwareFilter.java:63) ~[spring-security-web-6.5.10.jar:6.5.10]
	at org.springframework.security.web.ObservationFilterChainDecorator$ObservationFilter.wrapFilter(ObservationFilterChainDecorator.java:241) ~[spring-security-web-6.5.10.jar:6.5.10]
	at org.springframework.security.web.ObservationFilterChainDecorator$ObservationFilter.doFilter(ObservationFilterChainDecorator.java:228) ~[spring-security-web-6.5.10.jar:6.5.10]
	at org.springframework.security.web.ObservationFilterChainDecorator$VirtualFilterChain.doFilter(ObservationFilterChainDecorator.java:138) ~[spring-security-web-6.5.10.jar:6.5.10]
	at com.spbutu.gia.auth.infrastructure.security.JwtFilter.doFilterInternal(JwtFilter.java:51) ~[classes/:na]
	at org.springframework.web.filter.OncePerRequestFilter.doFilter(OncePerRequestFilter.java:116) ~[spring-web-6.2.18.jar:6.2.18]
	at org.springframework.security.web.ObservationFilterChainDecorator$ObservationFilter.wrapFilter(ObservationFilterChainDecorator.java:241) ~[spring-security-web-6.5.10.jar:6.5.10]
	at org.springframework.security.web.ObservationFilterChainDecorator$ObservationFilter.doFilter(ObservationFilterChainDecorator.java:228) ~[spring-security-web-6.5.10.jar:6.5.10]
	at org.springframework.security.web.ObservationFilterChainDecorator$VirtualFilterChain.doFilter(ObservationFilterChainDecorator.java:138) ~[spring-security-web-6.5.10.jar:6.5.10]
	at org.springframework.security.web.authentication.logout.LogoutFilter.doFilter(LogoutFilter.java:107) ~[spring-security-web-6.5.10.jar:6.5.10]
	at org.springframework.security.web.authentication.logout.LogoutFilter.doFilter(LogoutFilter.java:93) ~[spring-security-web-6.5.10.jar:6.5.10]
	at org.springframework.security.web.ObservationFilterChainDecorator$ObservationFilter.wrapFilter(ObservationFilterChainDecorator.java:241) ~[spring-security-web-6.5.10.jar:6.5.10]
	at org.springframework.security.web.ObservationFilterChainDecorator$ObservationFilter.doFilter(ObservationFilterChainDecorator.java:228) ~[spring-security-web-6.5.10.jar:6.5.10]
	at org.springframework.security.web.ObservationFilterChainDecorator$VirtualFilterChain.doFilter(ObservationFilterChainDecorator.java:138) ~[spring-security-web-6.5.10.jar:6.5.10]
	at org.springframework.web.filter.CorsFilter.doFilterInternal(CorsFilter.java:91) ~[spring-web-6.2.18.jar:6.2.18]
	at org.springframework.web.filter.OncePerRequestFilter.doFilter(OncePerRequestFilter.java:116) ~[spring-web-6.2.18.jar:6.2.18]
	at org.springframework.security.web.ObservationFilterChainDecorator$ObservationFilter.wrapFilter(ObservationFilterChainDecorator.java:241) ~[spring-security-web-6.5.10.jar:6.5.10]
	at org.springframework.security.web.ObservationFilterChainDecorator$ObservationFilter.doFilter(ObservationFilterChainDecorator.java:228) ~[spring-security-web-6.5.10.jar:6.5.10]
	at org.springframework.security.web.ObservationFilterChainDecorator$VirtualFilterChain.doFilter(ObservationFilterChainDecorator.java:138) ~[spring-security-web-6.5.10.jar:6.5.10]
	at org.springframework.security.web.header.HeaderWriterFilter.doHeadersAfter(HeaderWriterFilter.java:90) ~[spring-security-web-6.5.10.jar:6.5.10]
	at org.springframework.security.web.header.HeaderWriterFilter.doFilterInternal(HeaderWriterFilter.java:75) ~[spring-security-web-6.5.10.jar:6.5.10]
	at org.springframework.web.filter.OncePerRequestFilter.doFilter(OncePerRequestFilter.java:116) ~[spring-web-6.2.18.jar:6.2.18]
	at org.springframework.security.web.ObservationFilterChainDecorator$ObservationFilter.wrapFilter(ObservationFilterChainDecorator.java:241) ~[spring-security-web-6.5.10.jar:6.5.10]
	at org.springframework.security.web.ObservationFilterChainDecorator$ObservationFilter.doFilter(ObservationFilterChainDecorator.java:228) ~[spring-security-web-6.5.10.jar:6.5.10]
	at org.springframework.security.web.ObservationFilterChainDecorator$VirtualFilterChain.doFilter(ObservationFilterChainDecorator.java:138) ~[spring-security-web-6.5.10.jar:6.5.10]
	at org.springframework.security.web.context.SecurityContextHolderFilter.doFilter(SecurityContextHolderFilter.java:82) ~[spring-security-web-6.5.10.jar:6.5.10]
	at org.springframework.security.web.context.SecurityContextHolderFilter.doFilter(SecurityContextHolderFilter.java:69) ~[spring-security-web-6.5.10.jar:6.5.10]
	at org.springframework.security.web.ObservationFilterChainDecorator$ObservationFilter.wrapFilter(ObservationFilterChainDecorator.java:241) ~[spring-security-web-6.5.10.jar:6.5.10]
	at org.springframework.security.web.ObservationFilterChainDecorator$ObservationFilter.doFilter(ObservationFilterChainDecorator.java:228) ~[spring-security-web-6.5.10.jar:6.5.10]
	at org.springframework.security.web.ObservationFilterChainDecorator$VirtualFilterChain.doFilter(ObservationFilterChainDecorator.java:138) ~[spring-security-web-6.5.10.jar:6.5.10]
	at org.springframework.security.web.context.request.async.WebAsyncManagerIntegrationFilter.doFilterInternal(WebAsyncManagerIntegrationFilter.java:62) ~[spring-security-web-6.5.10.jar:6.5.10]
	at org.springframework.web.filter.OncePerRequestFilter.doFilter(OncePerRequestFilter.java:116) ~[spring-web-6.2.18.jar:6.2.18]
	at org.springframework.security.web.ObservationFilterChainDecorator$ObservationFilter.wrapFilter(ObservationFilterChainDecorator.java:241) ~[spring-security-web-6.5.10.jar:6.5.10]
	at org.springframework.security.web.ObservationFilterChainDecorator$ObservationFilter.doFilter(ObservationFilterChainDecorator.java:228) ~[spring-security-web-6.5.10.jar:6.5.10]
	at org.springframework.security.web.ObservationFilterChainDecorator$VirtualFilterChain.doFilter(ObservationFilterChainDecorator.java:138) ~[spring-security-web-6.5.10.jar:6.5.10]
	at org.springframework.security.web.session.DisableEncodeUrlFilter.doFilterInternal(DisableEncodeUrlFilter.java:42) ~[spring-security-web-6.5.10.jar:6.5.10]
	at org.springframework.web.filter.OncePerRequestFilter.doFilter(OncePerRequestFilter.java:116) ~[spring-web-6.2.18.jar:6.2.18]
	at org.springframework.security.web.ObservationFilterChainDecorator$ObservationFilter.wrapFilter(ObservationFilterChainDecorator.java:241) ~[spring-security-web-6.5.10.jar:6.5.10]
	at org.springframework.security.web.ObservationFilterChainDecorator$AroundFilterObservation$SimpleAroundFilterObservation.lambda$wrap$0(ObservationFilterChainDecorator.java:334) ~[spring-security-web-6.5.10.jar:6.5.10]
	at org.springframework.security.web.ObservationFilterChainDecorator$ObservationFilter.doFilter(ObservationFilterChainDecorator.java:225) ~[spring-security-web-6.5.10.jar:6.5.10]
	at org.springframework.security.web.ObservationFilterChainDecorator$VirtualFilterChain.doFilter(ObservationFilterChainDecorator.java:138) ~[spring-security-web-6.5.10.jar:6.5.10]
	at org.springframework.security.web.FilterChainProxy.doFilterInternal(FilterChainProxy.java:233) ~[spring-security-web-6.5.10.jar:6.5.10]
	at org.springframework.security.web.FilterChainProxy.doFilter(FilterChainProxy.java:191) ~[spring-security-web-6.5.10.jar:6.5.10]
	at org.springframework.web.filter.CompositeFilter$VirtualFilterChain.doFilter(CompositeFilter.java:113) ~[spring-web-6.2.18.jar:6.2.18]
	at org.springframework.web.filter.ServletRequestPathFilter.doFilter(ServletRequestPathFilter.java:52) ~[spring-web-6.2.18.jar:6.2.18]
	at org.springframework.web.filter.CompositeFilter$VirtualFilterChain.doFilter(CompositeFilter.java:113) ~[spring-web-6.2.18.jar:6.2.18]
	at org.springframework.web.filter.CompositeFilter.doFilter(CompositeFilter.java:74) ~[spring-web-6.2.18.jar:6.2.18]
	at org.springframework.security.config.annotation.web.configuration.WebSecurityConfiguration$CompositeFilterChainProxy.doFilter(WebSecurityConfiguration.java:319) ~[spring-security-config-6.5.10.jar:6.5.10]
	at org.springframework.web.filter.CompositeFilter$VirtualFilterChain.doFilter(CompositeFilter.java:113) ~[spring-web-6.2.18.jar:6.2.18]
	at org.springframework.web.servlet.handler.HandlerMappingIntrospector.lambda$createCacheFilter$4(HandlerMappingIntrospector.java:267) ~[spring-webmvc-6.2.18.jar:6.2.18]
	at org.springframework.web.filter.CompositeFilter$VirtualFilterChain.doFilter(CompositeFilter.java:113) ~[spring-web-6.2.18.jar:6.2.18]
	at org.springframework.web.filter.CompositeFilter.doFilter(CompositeFilter.java:74) ~[spring-web-6.2.18.jar:6.2.18]
	at org.springframework.security.config.annotation.web.configuration.WebMvcSecurityConfiguration$CompositeFilterChainProxy.doFilter(WebMvcSecurityConfiguration.java:240) ~[spring-security-config-6.5.10.jar:6.5.10]
	at org.springframework.web.filter.DelegatingFilterProxy.invokeDelegate(DelegatingFilterProxy.java:362) ~[spring-web-6.2.18.jar:6.2.18]
	at org.springframework.web.filter.DelegatingFilterProxy.doFilter(DelegatingFilterProxy.java:278) ~[spring-web-6.2.18.jar:6.2.18]
	at org.apache.catalina.core.ApplicationFilterChain.internalDoFilter(ApplicationFilterChain.java:162) ~[tomcat-embed-core-10.1.54.jar:10.1.54]
	at org.apache.catalina.core.ApplicationFilterChain.doFilter(ApplicationFilterChain.java:138) ~[tomcat-embed-core-10.1.54.jar:10.1.54]
	at org.springframework.web.filter.RequestContextFilter.doFilterInternal(RequestContextFilter.java:100) ~[spring-web-6.2.18.jar:6.2.18]
	at org.springframework.web.filter.OncePerRequestFilter.doFilter(OncePerRequestFilter.java:116) ~[spring-web-6.2.18.jar:6.2.18]
	at org.apache.catalina.core.ApplicationFilterChain.internalDoFilter(ApplicationFilterChain.java:162) ~[tomcat-embed-core-10.1.54.jar:10.1.54]
	at org.apache.catalina.core.ApplicationFilterChain.doFilter(ApplicationFilterChain.java:138) ~[tomcat-embed-core-10.1.54.jar:10.1.54]
	at org.springframework.web.filter.FormContentFilter.doFilterInternal(FormContentFilter.java:93) ~[spring-web-6.2.18.jar:6.2.18]
	at org.springframework.web.filter.OncePerRequestFilter.doFilter(OncePerRequestFilter.java:116) ~[spring-web-6.2.18.jar:6.2.18]
	at org.apache.catalina.core.ApplicationFilterChain.internalDoFilter(ApplicationFilterChain.java:162) ~[tomcat-embed-core-10.1.54.jar:10.1.54]
	at org.apache.catalina.core.ApplicationFilterChain.doFilter(ApplicationFilterChain.java:138) ~[tomcat-embed-core-10.1.54.jar:10.1.54]
	at org.springframework.web.filter.ServerHttpObservationFilter.doFilterInternal(ServerHttpObservationFilter.java:110) ~[spring-web-6.2.18.jar:6.2.18]
	at org.springframework.web.filter.OncePerRequestFilter.doFilter(OncePerRequestFilter.java:116) ~[spring-web-6.2.18.jar:6.2.18]
	at org.apache.catalina.core.ApplicationFilterChain.internalDoFilter(ApplicationFilterChain.java:162) ~[tomcat-embed-core-10.1.54.jar:10.1.54]
	at org.apache.catalina.core.ApplicationFilterChain.doFilter(ApplicationFilterChain.java:138) ~[tomcat-embed-core-10.1.54.jar:10.1.54]
	at org.springframework.web.filter.CharacterEncodingFilter.doFilterInternal(CharacterEncodingFilter.java:201) ~[spring-web-6.2.18.jar:6.2.18]
	at org.springframework.web.filter.OncePerRequestFilter.doFilter(OncePerRequestFilter.java:116) ~[spring-web-6.2.18.jar:6.2.18]
	at org.apache.catalina.core.ApplicationFilterChain.internalDoFilter(ApplicationFilterChain.java:162) ~[tomcat-embed-core-10.1.54.jar:10.1.54]
	at org.apache.catalina.core.ApplicationFilterChain.doFilter(ApplicationFilterChain.java:138) ~[tomcat-embed-core-10.1.54.jar:10.1.54]
	at org.apache.catalina.core.StandardWrapperValve.invoke(StandardWrapperValve.java:165) ~[tomcat-embed-core-10.1.54.jar:10.1.54]
	at org.apache.catalina.core.StandardContextValve.invoke(StandardContextValve.java:88) ~[tomcat-embed-core-10.1.54.jar:10.1.54]
	at org.apache.catalina.authenticator.AuthenticatorBase.invoke(AuthenticatorBase.java:492) ~[tomcat-embed-core-10.1.54.jar:10.1.54]
	at org.apache.catalina.core.StandardHostValve.invoke(StandardHostValve.java:113) ~[tomcat-embed-core-10.1.54.jar:10.1.54]
	at org.apache.catalina.valves.ErrorReportValve.invoke(ErrorReportValve.java:83) ~[tomcat-embed-core-10.1.54.jar:10.1.54]
	at org.apache.catalina.core.StandardEngineValve.invoke(StandardEngineValve.java:72) ~[tomcat-embed-core-10.1.54.jar:10.1.54]
	at org.apache.catalina.connector.CoyoteAdapter.service(CoyoteAdapter.java:342) ~[tomcat-embed-core-10.1.54.jar:10.1.54]
	at org.apache.coyote.http11.Http11Processor.service(Http11Processor.java:399) ~[tomcat-embed-core-10.1.54.jar:10.1.54]
	at org.apache.coyote.AbstractProcessorLight.process(AbstractProcessorLight.java:63) ~[tomcat-embed-core-10.1.54.jar:10.1.54]
	at org.apache.coyote.AbstractProtocol$ConnectionHandler.process(AbstractProtocol.java:903) ~[tomcat-embed-core-10.1.54.jar:10.1.54]
	at org.apache.tomcat.util.net.NioEndpoint$SocketProcessor.doRun(NioEndpoint.java:1797) ~[tomcat-embed-core-10.1.54.jar:10.1.54]
	at org.apache.tomcat.util.net.SocketProcessorBase.run(SocketProcessorBase.java:52) ~[tomcat-embed-core-10.1.54.jar:10.1.54]
	at org.apache.tomcat.util.threads.ThreadPoolExecutor.runWorker(ThreadPoolExecutor.java:973) ~[tomcat-embed-core-10.1.54.jar:10.1.54]
	at org.apache.tomcat.util.threads.ThreadPoolExecutor$Worker.run(ThreadPoolExecutor.java:491) ~[tomcat-embed-core-10.1.54.jar:10.1.54]
	at org.apache.tomcat.util.threads.TaskThread$WrappingRunnable.run(TaskThread.java:63) ~[tomcat-embed-core-10.1.54.jar:10.1.54]
	at java.base/java.lang.Thread.run(Thread.java:840) ~[na:na]

[INFO] ------------------------------------------------------------------------
[INFO] BUILD FAILURE
[INFO] ------------------------------------------------------------------------
[INFO] Total time:  02:36 min
[INFO] Finished at: 2026-05-27T16:53:24+03:00
[INFO] ------------------------------------------------------------------------
[ERROR] Failed to execute goal org.springframework.boot:spring-boot-maven-plugin:3.5.14:run (default-cli) on project gia: Process terminated with exit code: -1 -> [Help 1]
[ERROR] 
[ERROR] To see the full stack trace of the errors, re-run Maven with the -e switch.
[ERROR] Re-run Maven using the -X switch to enable full debug logging.
[ERROR] 
[ERROR] For more information about the errors and possible solutions, please read the following articles:
[ERROR] [Help 1] http://cwiki.apache.org/confluence/display/MAVEN/MojoExecutionException
